207
9732 19
23745 5122 50564 34279 59657 68587 25547 27469 14832 97489 45457 23923 21619 91031 16150 46395 30621 70399 97694
6112 19
13248 86659 54018 87586 21317 95625 57834 95722 78666 40142 96465 93072 27539 61716 31668 6901 47382 71160 1051
8408 19
23584 4098 27938 31076 63077 13455 69966 3312 47632 23569 22006 35896 9756 37821 16222 40222 46750 82975 5279
2631 20
53154 46628 92325 72613 11334 91910 98470 28844 63405 48846 41551 49839 72913 39248 65968 51443 30747 27196 86463 95646
1478 20
29280 70272 94114 89956 21990 29736 94760 44076 99281 40915 59763 11030 95287 81910 31959 88154 16091 56764 16541 3165
1764 19
77315 56196 48550 13065 14379 20779 12587 47404 21325 11406 65649 14640 65781 12597 56758 64281 56985 44025 54107
3597 20
43268 30212 76133 10118 73670 95110 90342 59146 37962 43181 40462 44464 15572 55285 11413 84345 26650 90138 12667 82493
4255 20
63616 30433 86341 77860 86820 72649 82795 81866 67242 36939 99761 43634 96564 26711 49819 64636 86205 4701 80831 56287
5294 20
22848 48322 42723 35912 87435 24523 98765 93228 95852 99504 78899 80627 48438 14456 16698 93883 22139 77661 28350 78911
1670 20
9793 76288 56610 1764 71716 51718 16775 74694 68138 63980 93037 68239 4625 3253 3093 68278 23129 7834 2236 38845
5172 20
71104 5955 70466 32583 52269 8430 17102 24432 4624 57587 52564 67828 78612 6742 51447 40985 22553 57499 863 45727
1401 20
35776 41249 25313 10209 33765 40839 650 59882 99567 4430 89744 63603 18325 32087 63672 88283 85309 77727 21662 36831
5065 19
20130 28614 71880 40458 75917 62380 69453 71471 99758 77520 63892 89812 6870 311 3096 9950 32542 28703 99038
4271 20
49633 18754 16292 29450 34348 61454 68113 54256 44465 12340 71604 1111 48279 43577 28379 26395 24347 20987 86717 11583
1542 20
37154 41059 48422 86246 57961 46442 2698 23501 53326 41041 88883 35572 20852 32276 47800 74937 43483 50781 91068 25437
9582 20
82593 80930 25539 84645 15781 26027 68781 62732 72460 38096 76051 91380 65333 18295 49047 79771 72058 71517 75325 57117
2595 20
6211 74434 37988 43589 58789 56102 85163 7402 20237 47277 32210 65394 24051 53077 14294 21527 68600 89403 4574 99774
2829 19
77091 97508 82823 91369 9546 74154 52043 96141 91436 56084 27028 85013 60182 13207 85080 41562 85274 8252 97725
6910 20
84035 30148 83844 10629 92039 68231 59656 15432 24360 29866 77514 15916 29904 34096 42546 74100 1461 72794 1819 79901
1959 20
65440 58849 79779 40740 78377 33065 92586 66986 26926 8816 80465 15504 37462 37814 22070 30904 30360 6488 26841 2558
7197 19
57825 50884 37221 35493 85002 23852 17486 40527 32052 60373 70548 33752 57881 22905 79354 9789 29183 45087 47711
5287 20
78017 28737 7137 84768 74627 61540 3206 74984 25386 85930 69034 27536 70320 3028 45300 80276 6389 8987 10141 25182
2935 19
75105 79361 1992 7784 89387 13418 29005 63695 94414 14544 89879 37879 91478 34906 68413 37916 84668 44126 34047
8696 20
38304 78115 35619 3876 44776 94634 2284 82092 45104 82577 66416 89554 5076 24855 42488 86267 17085 65791 87902 77630
7339 20
56101 5671 95078 29480 18156 27500 29228 72783 37395 99861 32405 50903 53848 47960 28568 43162 2107 32093 77692 78398
3169 20
68833 32833 91815 39686 27591 88523 55535 21040 21488 61712 14258 51699 97013 50325 47381 45464 28600 27517 83548 81404
1598 19
81280 9729 3331 51557 13254 56326 64519 93254 38763 17390 76495 10902 11831 11607 38745 79514 57788 34493 30557
9487 20
42850 9282 35812 52169 32426 75819 32525 2958 24335 54543 76083 62805 6038 32950 98040 30970 72923 75389 64606 26750
9692 17
95232 59362 38246 89000 53196 44492 6893 4046 17138 94674 45235 10196 70740 90107 49181 12574 991
9806 20
63040 17347 90405 75753 5897 66792 91531 27565 25166 5999 66069 45685 23799 49240 7833 51194 3034 26491 32539 48636
7901 19
57830 72008 58602 29644 80845 83308 57998 18318 2992 51089 88339 88594 29395 26579 99186 46423 10970 83517 16893
7815 19
56576 6691 47844 5927 35113 82861 99502 21168 43089 90067 65395 79735 69558 13176 9755 83165 48124 90719 29279
1424 19
37377 35687 76808 75658 74316 70030 60367 18512 88912 75603 32595 88949 82775 5751 503 43196 62620 88092 78366
3177 20
41280 72611 70659 8418 11779 95748 3463 53291 61995 47795 42259 36917 3862 22071 6937 77499 20571 95194 87898 35387
3454 19
65984 4898 32422 61351 19304 68136 52330 98346 84783 65362 65778 19732 79703 55062 34871 31384 7321 9148 65309
2493 20
95617 32355 42085 58246 43399 8519 40108 39918 33551 76814 57871 83473 63953 48818 74389 15829 33432 4729 79579 35806
9294 20
42080 68640 7009 54341 59429 72711 37479 747 57516 16973 23597 57295 33522 97076 48181 37909 42870 96726 89243 87581
1750 20
84480 10305 54370 91749 64392 91723 44587 97517 80077 7149 68908 11023 74833 41618 62902 70715 68603 3419 28733 18814
2643 20
48641 47714 31813 92516 60965 88998 27112 55530 19499 60587 47531 16944 46099 14964 92984 38170 571 72861 70175 72542
8407 17
58976 71975 43528 61032 553 1674 13322 53003 71533 35536 29682 24530 90837 73812 32342 36215 49023
4630 20
94786 66660 29479 79817 7177 67946 84525 84719 368 72945 54033 82768 57171 28823 43959 48216 47610 69243 7100 91356
904 17
53568 37057 96928 16486 90569 31208 44808 24713 28012 1135 64466 7538 97527 86297 62617 71323 26397
3120 20
81665 16260 89957 74725 807 85769 41195 3756 75149 70284 63599 92494 86000 45779 72215 80761 95577 82105 54200 99902
2644 20
57696 45568 43777 84739 4356 8260 45285 21544 25096 27945 91944 86827 53516 86734 6193 35476 45494 76246 25465 35291
661 20
15297 31489 50977 66405 15973 49350 77606 48941 86001 87312 32402 55860 25973 5110 44823 83190 9112 41272 46618 26557
2995 18
74081 5441 21413 52134 9318 18246 43436 30414 34544 63121 57138 52146 84242 19577 30202 5274 19261 1247
4401 17
8449 2498 96546 10694 66987 176 91057 55061 40054 92631 12535 90009 53624 89240 13369 27963 55517
1133 20
80544 67618 23940 20708 41188 89093 23045 6023 28103 87020 20269 21741 24559 50898 35861 22869 84375 41625 4635 48670
7358 20
6016 8226 65508 81543 36550 81897 46729 34122 88944 65619 67570 59605 63957 30585 45114 47834 46203 41726 34271 51487
8046 20
70753 19009 13731 51652 67877 16932 47686 35624 1801 80588 53710 93679 52846 70965 59572 9462 23451 53756 89532 48638
2560 19
61536 47585 12033 30532 57157 23625 9355 54891 34286 3919 87694 36243 53012 46678 47035 50332 90653 42077 98687
3928 20
76960 49155 67684 88388 32229 11109 98055 81414 15018 1040 99984 36372 94388 30902 20790 79929 75480 45529 41979 27612
5763 20
68800 63137 59364 95236 69478 25576 71306 94605 26444 78572 37166 53009 86642 76502 66230 24823 59160 75194 53371 66108
1364 20
46785 61473 78179 22118 9703 35016 5480 43337 95115 83629 6637 67215 31631 36175 50191 53457 7442 16602 18075 13278
9029 19
93249 16128 9474 87109 76134 15784 8174 54927 90513 63312 73968 15282 14741 26710 21238 67865 67385 86492 15325
5621 19
28194 78307 80098 7845 14822 94534 91081 3209 12746 52140 32620 56717 45934 59919 34928 27127 4633 19098 60026
4139 19
31040 42697 58217 98735 22546 66706 17427 4532 49140 81556 88407 30583 31160 99384 56378 15677 54109 29502 37278
1606 19
89988 5223 95307 70957 14572 87052 81745 73298 92791 22806 16695 70198 74681 60313 93400 70712 81083 443 82204
3015 20
18432 57506 60802 32227 34244 10788 45093 55366 4840 61320 12014 45619 50932 84758 34807 44696 62459 56574 59103 94206
1949 20
24096 2883 63589 77607 21318 99686 29512 1416 52845 46254 98832 96757 75188 99572 41367 82966 7767 18968 71256 5658
4188 20
61376 40737 78816 9443 55107 53254 98086 3949 4685 61295 9776 94512 95029 42996 65716 78967 24790 48855 74653 49469
6727 19
89985 33345 35650 20419 99493 89031 169 9678 68367 751 33423 27475 9975 71129 99419 46683 53500 3037 62815
5311 19
85283 71301 81510 82953 37385 47594 26765 73422 41168 40337 88308 75001 76763 31674 56186 66267 27 5980 52285
4513 20
60769 38979 11304 22984 5672 63081 88072 38189 38479 40848 60048 47890 28662 71928 49050 4090 85018 77628 52031 48415
251 20
42849 56930 88034 80354 30980 2436 28038 49704 43465 16364 6156 51726 96369 41394 68948 30613 36245 36247 42139 380
3340 18
96673 34884 33191 76201 77225 82696 89643 37866 1489 8177 66710 45755 23964 31484 7453 46621 64382 54815
5073 19
1600 86595 61732 92389 36875 10573 73007 21584 54000 68016 41490 1651 46035 30100 45208 40888 48921 70780 17662
9530 19
94433 91234 8645 3782 70247 78919 27657 65930 72234 5518 83438 84206 71665 30646 71577 46332 59229 18334 3263
9717 20
31011 53060 17668 24005 36358 81030 17131 80746 54700 80175 8818 49619 83029 85268 71094 87353 89528 10492 31613 34430
9619 19
53603 97570 16869 59750 94054 93670 89384 41545 8715 71889 4945 74864 67923 66905 81817 22074 63514 33053 99231
9242 19
29313 10725 31590 37862 52262 42919 54825 49420 89260 37102 26479 78355 1941 3638 33400 74072 86748 21470 6430
4275 20
39744 80800 47970 21220 63686 86342 46631 93416 32042 86091 71821 99148 92110 70417 4338 95189 98905 2809 60857 80892
9805 20
3203 54566 69928 82251 205 55021 64975 34639 30928 23730 85938 60084 77204 63350 20438 25462 53462 57977 61658 30299
2611 19
46689 85641 71017 97483 35787 2252 75980 20784 55573 57813 70329 52184 72537 29626 20379 2013 29310 30014 42207
7219 17
99905 46688 80035 52610 76261 95844 65577 83244 8046 30095 79025 10771 6933 56374 10232 61498 81402
5928 20
89184 6437 98020 16327 30727 73704 92971 46283 82890 71629 70381 9901 6800 93169 48786 58003 42070 58680 2104 89660
6008 20
29920 60417 5250 65795 29348 34661 84551 54791 87851 14507 45867 49132 80558 24401 43410 11410 96729 36282 79165 34879
8385 19
41505 12131 47878 50374 8231 99595 17066 88746 69228 62862 74830 75733 44086 42967 10972 48764 22621 42303 98942
2054 20
44097 64706 80293 38213 6185 91659 93387 64013 78287 15150 1710 45711 78222 57039 94677 27668 85047 59767 2201 92636
5057 18
56288 92737 52320 35107 69573 37004 56493 54671 26128 20724 30101 27927 10394 37723 27485 91836 51615 98302
5006 20
6050 43268 91079 35815 54408 21514 12938 57867 54828 25614 53649 18289 46101 39830 95257 50106 68314 30427 64415 76702
349 20
55168 71808 93253 10212 73350 17897 64201 45706 56492 83215 97265 87536 49971 20469 18167 59352 39545 92378 34171 99807
6134 20
14464 58272 3 84770 72197 54442 88845 15983 53746 93362 83989 59575 17304 16441 15130 8314 21341 28511 20223 46847
976 20
79713 2565 61575 27399 92649 96395 70061 25452 1581 84913 69105 78129 3121 89648 20915 40726 7768 84408 3485 61758
1537 20
91907 97801 86409 2729 37321 42729 87307 12074 17099 72268 6451 48693 54007 10681 33275 69114 83836 61374 74527 77438
8834 20
33122 15140 27208 73288 24810 66250 32461 27790 47536 20112 69488 17043 29971 94166 28952 57592 26969 80124 94079 47838
9937 20
93635 66338 65351 27017 8300 19533 23664 64210 86547 93171 80626 80087 71638 67641 33274 55483 16797 73695 32255 93406
417 20
10368 47041 66048 42052 99685 1989 53611 96586 94957 93582 95889 35858 275 23860 67351 54617 24763 15324 60189 6910
4433 20
12864 94976 51203 66372 23365 64294 63561 53097 68362 46541 10802 27731 84020 54230 38711 19352 43036 29276 51197 66206
6193 20
35872 39912 5896 8650 99532 46958 3566 81647 9104 60882 36402 91125 48885 75383 90838 86553 14845 80380 30943 6591
6832 19
20256 39171 59365 65767 935 96968 18282 83082 72490 86543 80719 17907 25364 26356 22132 44438 99670 91032 25371
7218 20
75619 53763 46565 67526 9385 10604 7404 17868 91340 51664 45458 68180 41014 21624 42873 32922 58235 88476 19101 49821
7834 19
35584 7810 54148 46790 49481 8043 17644 58700 5965 28688 43920 63472 15667 51735 42104 66811 34715 60732 19199
5053 19
37442 59427 93125 45636 25989 97862 11913 56682 93391 47759 59378 25811 10965 97335 63193 73720 19673 95967 39551
5337 19
672 64741 25542 76649 83241 91595 62762 39789 21581 78638 34927 24497 64465 85424 44852 89207 73977 89116 35646
6247 19
68930 93861 87397 39781 52998 57766 82602 13773 17357 97839 43826 9586 1267 16436 84919 87127 1016 80219 23903
2929 17
30469 87204 136 27465 21993 43243 35499 46862 44911 27023 38703 70385 54481 38518 58328 91547 81535
9647 19
20992 24037 47109 93830 14951 25354 36874 25514 3723 6639 69201 29392 15121 36307 46419 77077 95318 35547 22523
8301 20
73315 93091 91618 56580 80421 60520 59243 33035 79564 68204 23887 77553 42833 94550 79257 25209 44378 77403 86813 8668
2442 20
25730 96549 72868 73543 16842 98604 48399 16400 99505 62385 40660 31444 48981 4533 48214 84503 58775 27609 69852 9663
6017 19
23138 96869 27909 97607 99079 76518 13927 90217 908 44017 76080 24947 36596 47062 80407 90235 46107 99549 81823
4413 20
49728 57058 14730 66666 20941 91694 18639 37650 46770 7762 3122 84151 32534 10327 20025 28378 68090 86589 59260 7199
2468 20
92160 59586 97638 55111 44075 4270 67246 58641 76499 48757 75860 22455 84408 6745 71515 15132 64188 82367 50910 58943
5239 20
98401 32705 77922 60165 60645 93034 20909 85295 77807 99630 31060 77815 96215 72887 78457 40472 84346 84253 48604 84030
2664 19
84514 47589 73448 30059 39531 91693 73485 96111 47150 54995 69525 80596 57718 57976 65434 70202 52093 31295 60287
2384 19
47168 92352 75040 28226 40514 44035 74373 66377 40138 34763 84077 32593 89392 6258 65527 15032 52570 72828 83871
6836 20
35649 13539 60963 43972 46021 63685 47880 8810 9803 2475 76334 43887 20434 73748 44567 11927 34777 16538 7098 39964
1561 18
90433 87458 71237 5669 38789 16710 53032 18027 37612 37006 27889 25619 30326 9880 16984 92091 58267 92126
7541 18
86275 67202 19940 52966 36777 36106 38348 5324 90316 20145 89555 9812 93685 83095 11479 39512 83579 13215
8472 20
1120 27105 52642 42883 46723 31206 88166 40905 47754 99210 78122 71149 42765 74540 96439 96632 37818 15709 87231 28863
2830 20
2816 11521 27169 17347 93477 81508 65030 2023 85802 22923 66058 74125 69904 24754 73779 3571 62515 43765 50999 52506
7389 18
23459 65733 19237 73191 55750 50251 43180 77292 57523 18996 7893 88532 96539 52922 6141 28797 8061 24479
9269 20
26592 17441 22497 96352 19235 86757 29253 95977 59944 9353 26347 16975 76753 57458 20210 93686 23128 37052 23676 50815
8736 20
33504 8865 51427 60008 85576 66827 33706 25964 69455 21646 38512 49650 11859 16084 80692 94262 5591 350 90079 24446
8750 18
7264 88161 58401 49185 51553 44610 34853 31847 92134 38092 32270 83312 87766 74777 62683 56668 9468 22364
19 20
57153 84320 289 2596 33832 10987 84845 77516 54031 50289 41297 59697 45938 53043 31923 15417 62074 34109 53181 82303
7988 19
77953 11809 29220 38340 99652 73639 73737 60842 71914 78125 56908 54800 74963 52276 6005 92503 99324 56061 50143
8839 19
62467 4964 61444 48420 66404 30601 76776 93992 17418 73517 81713 13780 15830 79479 80409 25978 24954 11548 25692
7484 20
35042 74915 97413 94567 33899 51693 62288 1233 499 83090 33011 6999 13048 27513 68859 24604 89053 30428 31262 80159
5469 18
6240 34624 71779 66309 41959 90219 71115 53581 94990 95665 24373 81175 28439 80793 65340 5116 66396 61342
6185 19
47875 4259 92901 39140 81670 80553 75533 10957 50605 1550 43886 49168 13777 85140 64503 88182 26521 94908 53631
7287 18
18785 67875 35972 47716 75752 41289 53773 31373 73935 12943 31985 51665 35538 56179 84244 70999 9724 91452
7709 19
28069 88615 58854 67654 53259 78733 23021 70512 6194 24499 37972 56021 71892 91415 17174 9816 99195 80735 69407
7072 19
95521 80706 14344 52746 3659 17708 96718 60880 26289 73842 72820 97556 39286 23190 96889 95736 28666 90714 23931
1465 20
96 90912 30721 33539 38758 44199 50666 81711 6159 29361 82355 10613 71796 7543 18009 78843 74811 19036 45149 52286
2922 20
42405 75524 9446 32682 62828 16526 19408 72305 51794 87058 45653 76311 33208 33656 30076 72829 88220 40862 26814 53663
9618 19
98375 8646 25482 4238 59376 44304 62320 62769 69299 82354 89076 33397 84855 22615 94777 2458 50619 98974 9983
8922 20
50624 77920 42017 81571 67842 84996 18982 39595 3565 89647 20304 54162 96594 21587 85397 66324 44118 65273 65981 41981
1262 19
37217 4865 60418 52936 12010 15082 81930 97293 93039 28974 63823 99440 76659 91379 89874 91993 59548 89597 21917
9836 20
54368 65991 37094 86374 85288 93608 32683 84746 78858 63244 10156 32046 72558 15151 79991 34747 49563 46523 64956 92220
5280 20
24160 23202 40099 13124 25926 54599 85419 74762 33324 7245 72460 59088 18672 43188 85492 82615 79446 61687 40635 20382
972 20
2497 17859 47495 60423 22442 90445 41005 15185 43377 27474 67061 55508 2389 23737 16153 54586 67802 71103 35199 42783
8884 18
68993 42053 55880 59177 6991 63572 22326 20310 12151 36919 90230 82713 67226 26684 11645 3550 96767 94654
875 18
31777 83367 66502 18696 50280 25801 69768 7369 23244 19725 16430 58702 45012 1076 34973 76351 22879 24063
9636 19
81091 26596 97065 7273 11817 27211 4076 13836 94382 77358 74739 52435 85429 45399 14039 8473 22875 66300 3261
1215 19
28288 93761 11905 87296 31267 38052 51428 92420 76553 67496 72463 4878 78323 66450 38005 3191 32697 72157 74238
7380 20
35840 86337 87971 90981 77412 60646 38921 31465 91080 60172 93267 28082 20947 64757 12342 49526 2230 37914 82460 86398
2596 18
85984 99555 8770 92388 99463 39432 89768 13673 81132 61967 62448 76435 77235 27348 7317 27542 34838 55132
5639 20
47904 18113 10915 3492 34598 93994 36910 54255 48368 6993 37394 56052 98037 24597 80119 9399 40505 5820 83004 35423
9985 19
352 46976 71651 5474 81477 18118 4521 94829 43277 57997 13262 39791 95315 86708 35989 44342 27065 31641 81469
333 20
77281 83552 28898 42018 22979 66274 56452 54340 65703 26728 2253 629 14167 56312 98009 43130 85210 66077 16094 17375
9277 19
82049 61344 69537 75269 32901 76296 71851 16941 1677 24431 98478 95698 8730 26618 1404 52765 85535 17950 4990
6468 20
33024 39842 93445 29476 60710 84678 68680 5418 2730 52653 45359 3664 85490 43956 12308 38772 70998 6743 81275 15038
1586 18
9184 72033 91872 81029 99143 79629 42446 59150 5425 30002 64819 46358 6839 37911 75129 98168 45853 70460
2666 17
4386 33667 60452 55114 86730 18220 26796 25484 78768 88819 24085 76598 29143 95190 77976 15898 53405
3445 20
86625 81792 4035 44515 64997 33382 42696 54121 66283 67596 37423 51247 61680 85296 34801 38675 96884 27253 21852 4892
1692 19
36480 68516 44581 45606 12711 3721 1643 93036 93935 13679 97683 56466 87509 26326 17111 19384 75801 56858 51199
6258 20
86338 52036 61990 4743 78186 64880 89297 79538 40405 18166 6905 2681 1626 49500 91261 99517 80381 56382 39742 18399
6715 18
92033 69349 94724 35878 26822 49510 9544 96008 3598 70288 34769 95314 67956 21077 68116 75926 1147 98111
1725 19
74978 47814 21222 23399 58216 64105 75688 83499 73196 72812 37583 96309 51028 83255 11418 98779 47773 19198 20639
7793 19
76578 71042 19140 72487 20711 94310 74441 72328 64014 58735 32914 18067 31285 73878 85846 61304 32793 76605 45180
7050 20
66657 37315 39815 84806 40683 57452 6540 63853 13613 37230 79055 21397 41269 11958 53270 85014 35575 34199 54619 45019
9359 19
35104 34050 64099 81348 16230 72169 76616 82061 73996 3917 8847 63696 68912 89808 13330 27446 25878 50397 1087
8405 20
55744 94531 15557 54822 75782 4455 17767 8937 27052 23404 35887 29265 86386 85493 2869 11318 62327 14680 70616 21434
9847 20
53569 76930 81346 49572 86436 34886 40102 42249 83562 31148 67470 25360 37905 85170 11764 98774 83320 90236 51583 96190
9060 19
32288 47744 28418 82115 21954 15588 49125 91847 58438 85768 51498 30539 3631 2832 75184 17460 39421 78524 73534
6350 20
77825 95651 12098 88930 80162 95079 29478 91017 48297 29897 51631 85008 28244 81013 22137 93115 90683 13595 74719 91967
6408 20
35842 7013 26662 45766 72073 89199 68047 96625 97811 95538 75829 67157 20727 88726 75512 1689 96312 28955 71706 93948
9695 18
17474 7619 90790 21064 84490 41934 20718 47087 65462 45783 27191 15416 24698 35482 74651 29084 93660 53855
9980 19
95073 65284 75845 67749 62181 678 64647 26187 13131 71117 7725 76719 27823 65687 18809 93626 90109 54620 29629
165 19
37089 78531 6338 91426 28355 76135 81958 51720 78600 71402 57068 77356 33518 29967 77458 56855 70232 82111 88798
532 18
86400 79778 55620 83846 50729 9513 78986 22798 75534 28371 91636 40565 67734 4761 41915 44285 89500 92286
9221 19
83297 24514 86722 88738 76388 90500 26344 93774 19985 67088 29873 57012 8245 52725 70487 88825 25306 74554 84026
6550 19
97857 65313 33058 10051 49892 57286 11530 16395 93066 80912 97138 35700 7958 12759 57527 94970 31067 85050 63103
8531 20
51681 18210 30210 76901 65222 45256 31881 1931 36364 98543 29678 87376 95539 36051 179 47191 64312 81979 63130 52444
6588 20
7618 1988 98341 37636 50826 66794 49067 38766 75758 47631 2159 42352 82960 19537 88210 48982 50809 75995 60125 36766
3301 20
96993 8738 40547 19556 87044 1990 19561 17449 35755 31788 71697 89106 4947 70229 25109 4023 16442 38908 2972 92476
2253 20
16480 92577 71521 225 43078 15113 73192 15369 16297 97419 47500 55119 77523 37203 40755 25107 89202 96855 89178 41436
415 20
5888 27588 51525 16613 81386 33165 48942 32142 51182 20048 35379 23893 89686 54775 31832 14555 61405 35870 38207 4159
5036 20
85664 52674 579 18083 29604 53126 77929 9900 13644 58639 45519 40914 13524 30645 31959 39032 46328 92696 39903 35359
1065 19
76483 50281 91882 95946 9836 93966 33295 56400 78289 36080 39346 88148 9015 73016 87160 77947 54970 59899 28543
243 20
34016 33857 81411 22596 8039 28617 19979 25516 67052 66764 43824 3667 90322 48340 27509 40821 91767 4157 14463 85694
4172 20
24224 34144 61291 37227 25870 11279 81230 89841 1809 93456 76947 73170 24564 76277 87093 95094 9431 375 64796 67135
3240 19
95905 70624 58788 40965 75140 88967 3239 24970 59117 60493 31503 12530 48404 31252 28472 66073 63771 2140 41151
6718 20
6306 84004 46024 1672 73545 22505 45002 76171 65227 5870 48788 21013 49208 25050 38427 86973 90812 14462 11486 90174
6688 20
81121 61095 36135 31499 90381 83085 91244 92751 9103 79150 31119 55025 22578 91570 64789 49367 82872 94490 31997 89247
5883 18
46693 97060 16870 64138 4846 36814 31854 39790 85585 30065 5749 83191 43798 87478 68537 7641 84184 52764
1946 19
93984 81283 37602 16007 94057 70889 18216 43211 45740 61933 94673 59859 39379 6934 72024 70491 26043 34940 5055
1418 20
49730 56066 20226 16675 55364 40677 76551 80455 5959 48647 76713 41546 70987 84881 37168 90864 56241 45974 36158 26719
3313 19
15393 76838 55400 27145 78315 86764 15087 54001 29810 16056 21240 27001 13500 29372 39101 61534 12670 97791 69247
4024 19
7872 56000 96867 74278 71113 67597 40333 71537 47185 25713 97843 70994 56147 85138 61395 67415 62073 88984 74750
8964 20
88448 35362 17605 31142 9673 80136 83880 80145 93683 97490 75538 76338 64755 58163 43860 4600 9849 53561 15675 96959
2392 19
49985 24706 45798 60584 9482 19690 95757 27503 48016 42608 5874 62322 50451 49173 13110 38070 20247 61950 61279
4040 20
14432 67458 8867 82759 12231 52041 99214 26095 45873 98640 34899 11924 30424 63898 89659 96219 66779 21499 22430 65694
6937 20
44769 15426 89923 33859 36164 64550 90470 60107 96138 63659 97743 47247 80846 20272 6552 62072 26012 62652 85692 2814
2495 20
22049 66336 4707 65060 26985 36009 45994 98988 68844 76494 65423 14896 86643 48434 92082 27764 75157 86359 1722 47549
6236 20
72514 31748 97316 88550 74537 46152 26472 23755 89773 43916 21997 95663 6736 89011 49075 37495 85494 67257 89336 71100
2708 20
75651 64931 46311 74184 96552 43114 57484 37677 73774 39506 58419 34517 96343 82422 28024 14008 56282 14779 42940 83932
5371 20
19200 13317 92326 17832 67048 49611 88714 27757 30254 64207 36848 76146 148 44981 92824 70107 16987 62941 59805 6973
1841 20
2761 8138 92269 57389 47022 37199 66478 10323 31189 90937 99961 21689 9497 6586 84061 3036 76892 77503 89534 95102
7485 20
11459 92488 78824 23497 17261 12622 74992 36115 93074 66322 71957 62708 75863 24630 1530 83709 97948 45375 26815 91006
1356 20
74656 73445 89796 61543 7850 49706 15920 83283 56979 74453 63860 1718 13975 98328 57786 77787 70779 40507 66975 52190
1071 20
71649 18563 24067 6887 95206 69803 15724 6476 58381 72878 40591 93264 32627 37300 54740 95444 51129 95131 63642 16958
6370 20
43840 25601 60385 33734 40362 84683 427 34253 3501 32239 93870 18097 94898 32566 46583 48312 93433 91160 37690 88380
8903 20
68033 18017 36675 57029 23782 78859 85260 97548 97455 41038 99759 25647 27919 15826 32021 34201 2106 72762 57343 89694
5628 19
77697 70848 2466 50978 65347 4356 49668 19434 70865 98738 20184 62968 42200 37945 65848 56090 93725 42494 60959
1708 19
67395 63266 85474 7109 47750 35718 55210 30026 97263 45679 16336 13969 73555 5363 79508 30200 93112 30138 42746
7637 19
64449 13345 63042 81221 48679 55467 44301 8429 97166 14319 57007 3599 11312 63221 72436 76630 28763 81661 90300
6217 19
26532 31558 45158 24966 42311 39143 76904 48716 3693 85806 69296 11473 67029 35640 13626 12635 94618 21660 23486
6132 20
78304 99616 24486 72999 7367 86473 35404 53964 70159 51697 31537 26482 82418 22965 31414 49399 98166 3129 91995 70814
3050 15
17096 77035 20139 55851 41617 7507 20053 89911 80440 14042 63291 50044 31709 57053 69020
1008 18
27777 2818 84098 95842 16964 13092 65480 49419 46188 56557 27054 78515 57938 51508 31576 96445 78428 52669
1379 19
29568 79392 30402 99303 6759 70157 18061 5584 54450 40691 94194 35731 98744 91675 33885 13597 50974 26558 50975
4871 20
79041 83073 18945 58146 52743 98377 55914 12492 17164 2030 68337 29616 17652 50357 66996 42134 11543 920 72701 10014
7533 19
43745 70435 49380 87845 45926 37097 22825 61163 43403 95154 69426 52756 20309 46742 50358 54296 52024 32632 12511
1766 19
79777 72289 67168 77826 6660 12421 61094 13224 554 24458 75696 93776 74387 75892 50775 81273 52409 53596 69757
7984 19
96995 44930 40900 91557 98660 6981 97991 56008 7690 27980 38861 59248 57104 78896 88120 83098 60574 57279 55615
